Command line:
   tuxaies_entoles_me_eksartiseis_isim_beh.exe
     -simmode  gui
     -simrunnum  0
     -socket  49990

Sat Nov 17 16:47:19 2018


 Elaboration Time: 0.624004 sec

 Current Memory Usage: 622.768 Meg

 Total Signals          : 50626
 Total Nets             : 11353
 Total Signal Drivers   : 10266
 Total Blocks           : 10959
 Total Primitive Blocks : 8215
 Total Processes        : 10243
 Total Traceable Variables  : 80
 Total Scalar Nets and Variables : 11801
Total Line Count : 12339
Total Line Count : 12339

 Total Simulation Time: 1.12321 sec

 Current Memory Usage: 622.768 Meg

Sat Nov 17 16:48:44 2018

