ISim log file
Running: C:\arxitektonikh1\HRY415-project-2\code\Back_end_test_isim_beh.exe -intstyle ise -gui -tclbatch isim.cmd -wdb C:/arxitektonikh1/HRY415-project-2/code/Back_end_test_isim_beh.wdb 
ISim O.87xd (signature 0xc3576ebc)
WARNING: A WEBPACK license was found.
WARNING: Please use Xilinx License Configuration Manager to check out a full ISim license.
WARNING: ISim will run in Lite mode. Please refer to the ISim documentation for more information on the differences between the Lite and the Full version.
This is a Lite version of ISim.
Time resolution is 1 ps
# onerror resume
# wave add /
# run 1000 ns
Simulator is doing circuit initialization process.
Finished circuit initialization process.
# restart
# run 1.00us
Simulator is doing circuit initialization process.
Finished circuit initialization process.
ISim O.87xd (signature 0xc3576ebc)
WARNING: A WEBPACK license was found.
WARNING: Please use Xilinx License Configuration Manager to check out a full ISim license.
WARNING: ISim will run in Lite mode. Please refer to the ISim documentation for more information on the differences between the Lite and the Full version.
This is a Lite version of ISim.
# run 1000 ns
Simulator is doing circuit initialization process.
Finished circuit initialization process.
# run all
Stopped at time : 39025 ns : File "C:/arxitektonikh1/HRY415-project-2/code/flipflop.vhd" Line 19
ISim O.87xd (signature 0xc3576ebc)
WARNING: A WEBPACK license was found.
WARNING: Please use Xilinx License Configuration Manager to check out a full ISim license.
WARNING: ISim will run in Lite mode. Please refer to the ISim documentation for more information on the differences between the Lite and the Full version.
This is a Lite version of ISim.
# run 1000 ns
Simulator is doing circuit initialization process.
Finished circuit initialization process.
# restart
# run 100ns
Simulator is doing circuit initialization process.
Finished circuit initialization process.
ISim O.87xd (signature 0xc3576ebc)
WARNING: A WEBPACK license was found.
WARNING: Please use Xilinx License Configuration Manager to check out a full ISim license.
WARNING: ISim will run in Lite mode. Please refer to the ISim documentation for more information on the differences between the Lite and the Full version.
This is a Lite version of ISim.
# run 1000 ns
Simulator is doing circuit initialization process.
Finished circuit initialization process.
# restart
# run 100ns
Simulator is doing circuit initialization process.
Finished circuit initialization process.
# restart
# run 100ns
Simulator is doing circuit initialization process.
Finished circuit initialization process.
# restart
# run 100ns
Simulator is doing circuit initialization process.
Finished circuit initialization process.
# restart
# run 100ns
Simulator is doing circuit initialization process.
Finished circuit initialization process.
# restart
# run 100ns
Simulator is doing circuit initialization process.
Finished circuit initialization process.
