Command line:
   entoles_se_mia_monada_isim_beh.exe
     -simmode  gui
     -simrunnum  0
     -socket  49999

Sat Nov 17 16:49:02 2018


 Elaboration Time: 0.717605 sec

 Current Memory Usage: 622.764 Meg

 Total Signals          : 50626
 Total Nets             : 11353
 Total Signal Drivers   : 10266
 Total Blocks           : 10959
 Total Primitive Blocks : 8215
 Total Processes        : 10243
 Total Traceable Variables  : 80
 Total Scalar Nets and Variables : 11801
Total Line Count : 12327
Total Line Count : 12327
Total Line Count : 12327

 Total Simulation Time: 1.68481 sec

 Current Memory Usage: 622.764 Meg

Sat Nov 17 17:04:17 2018

